# JRE version: Java(TM) SE Runtime Environment (8.0_211-b12) (build 1.8.0_211-b12)
# Java VM: Java HotSpot(TM) 64-Bit Server VM (25.211-b12 mixed mode linux-amd64 compressed oops)
Heap:
 PSYoungGen      total 27648K, used 4470K [0x00000000e1a00000, 0x00000000e3880000, 0x0000000100000000)
  eden space 24064K, 3% used [0x00000000e1a00000,0x00000000e1ae4b88,0x00000000e3180000)
  from space 3584K, 99% used [0x00000000e3500000,0x00000000e3879030,0x00000000e3880000)
  to   space 3584K, 0% used [0x00000000e3180000,0x00000000e3180000,0x00000000e3500000)
 ParOldGen       total 62976K, used 3972K [0x00000000a4e00000, 0x00000000a8b80000, 0x00000000e1a00000)
  object space 62976K, 6% used [0x00000000a4e00000,0x00000000a51e1038,0x00000000a8b80000)
 Metaspace       used 17021K, capacity 17734K, committed 17792K, reserved 1064960K
  class space    used 2438K, capacity 2660K, committed 2688K, reserved 1048576K
GC Heap History (4 events):
Event: 1,188 GC heap before
{Heap before GC invocations=1 (full 0):
 PSYoungGen      total 27648K, used 24064K [0x00000000e1a00000, 0x00000000e3880000, 0x0000000100000000)
  eden space 24064K, 100% used [0x00000000e1a00000,0x00000000e3180000,0x00000000e3180000)
  from space 3584K, 0% used [0x00000000e3500000,0x00000000e3500000,0x00000000e3880000)
  to   space 3584K, 0% used [0x00000000e3180000,0x00000000e3180000,0x00000000e3500000)
 ParOldGen       total 62976K, used 0K [0x00000000a4e00000, 0x00000000a8b80000, 0x00000000e1a00000)
  object space 62976K, 0% used [0x00000000a4e00000,0x00000000a4e00000,0x00000000a8b80000)
 Metaspace       used 10473K, capacity 10846K, committed 11008K, reserved 1058816K
  class space    used 1351K, capacity 1453K, committed 1536K, reserved 1048576K
Event: 1,200 GC heap after
Heap after GC invocations=1 (full 0):
 PSYoungGen      total 27648K, used 3104K [0x00000000e1a00000, 0x00000000e3880000, 0x0000000100000000)
  eden space 24064K, 0% used [0x00000000e1a00000,0x00000000e1a00000,0x00000000e3180000)
  from space 3584K, 86% used [0x00000000e3180000,0x00000000e3488040,0x00000000e3500000)
  to   space 3584K, 0% used [0x00000000e3500000,0x00000000e3500000,0x00000000e3880000)
 ParOldGen       total 62976K, used 72K [0x00000000a4e00000, 0x00000000a8b80000, 0x00000000e1a00000)
  object space 62976K, 0% used [0x00000000a4e00000,0x00000000a4e12010,0x00000000a8b80000)
 Metaspace       used 10473K, capacity 10846K, committed 11008K, reserved 1058816K
  class space    used 1351K, capacity 1453K, committed 1536K, reserved 1048576K
}
Event: 3,378 GC heap before
{Heap before GC invocations=2 (full 0):
 PSYoungGen      total 27648K, used 27168K [0x00000000e1a00000, 0x00000000e3880000, 0x0000000100000000)
  eden space 24064K, 100% used [0x00000000e1a00000,0x00000000e3180000,0x00000000e3180000)
  from space 3584K, 86% used [0x00000000e3180000,0x00000000e3488040,0x00000000e3500000)
  to   space 3584K, 0% used [0x00000000e3500000,0x00000000e3500000,0x00000000e3880000)
 ParOldGen       total 62976K, used 72K [0x00000000a4e00000, 0x00000000a8b80000, 0x00000000e1a00000)
  object space 62976K, 0% used [0x00000000a4e00000,0x00000000a4e12010,0x00000000a8b80000)
 Metaspace       used 16852K, capacity 17542K, committed 17792K, reserved 1064960K
  class space    used 2416K, capacity 2596K, committed 2688K, reserved 1048576K
Event: 3,395 GC heap after
Heap after GC invocations=2 (full 0):
 PSYoungGen      total 27648K, used 3556K [0x00000000e1a00000, 0x00000000e3880000, 0x0000000100000000)
  eden space 24064K, 0% used [0x00000000e1a00000,0x00000000e1a00000,0x00000000e3180000)
  from space 3584K, 99% used [0x00000000e3500000,0x00000000e3879030,0x00000000e3880000)
  to   space 3584K, 0% used [0x00000000e3180000,0x00000000e3180000,0x00000000e3500000)
 ParOldGen       total 62976K, used 3972K [0x00000000a4e00000, 0x00000000a8b80000, 0x00000000e1a00000)
  object space 62976K, 6% used [0x00000000a4e00000,0x00000000a51e1038,0x00000000a8b80000)
 Metaspace       used 16852K, capacity 17542K, committed 17792K, reserved 1064960K
  class space    used 2416K, capacity 2596K, committed 2688K, reserved 1048576K
}

